Searching for include files...
Searching for example files...
Searching for files in directory F:/source/Enhance/documentation/examples
Searching for files in directory F:/source/Enhance/documentation/examples
Searching for images...
Searching for dot files...
Searching for msc files...
Searching for dia files...
Searching for files to exclude
Searching INPUT for files to process...
Searching for files in directory F:/source/Enhance/src
Searching for files in directory F:/source/Enhance/src/Header
Reading and parsing tag files
Parsing files
Preprocessing F:/source/Enhance/src/Header/confined.enh.h...
Parsing file F:/source/Enhance/src/Header/confined.enh.h...
Preprocessing F:/source/Enhance/src/Header/counter.enh.h...
Parsing file F:/source/Enhance/src/Header/counter.enh.h...
Preprocessing F:/source/Enhance/src/Header/date.enh.h...
Parsing file F:/source/Enhance/src/Header/date.enh.h...
Preprocessing F:/source/Enhance/src/Header/date_time.enh.h...
Parsing file F:/source/Enhance/src/Header/date_time.enh.h...
Preprocessing F:/source/Enhance/src/Header/error_base.enh.h...
Parsing file F:/source/Enhance/src/Header/error_base.enh.h...
Preprocessing F:/source/Enhance/src/Header/framework.enh.h...
Parsing file F:/source/Enhance/src/Header/framework.enh.h...
Preprocessing F:/source/Enhance/src/Header/general.enh.h...
Parsing file F:/source/Enhance/src/Header/general.enh.h...
Preprocessing F:/source/Enhance/src/Header/logger.enh.h...
Parsing file F:/source/Enhance/src/Header/logger.enh.h...
Preprocessing F:/source/Enhance/src/Header/numeral_system.enh.h...
Parsing file F:/source/Enhance/src/Header/numeral_system.enh.h...
Preprocessing F:/source/Enhance/src/Header/queued_process.enh.h...
Parsing file F:/source/Enhance/src/Header/queued_process.enh.h...
Preprocessing F:/source/Enhance/src/Header/time_stamp.enh.h...
Parsing file F:/source/Enhance/src/Header/time_stamp.enh.h...
Preprocessing F:/source/Enhance/src/Header/timer.enh.h...
Parsing file F:/source/Enhance/src/Header/timer.enh.h...
Preprocessing F:/source/Enhance/src/logger.cpp...
Parsing file F:/source/Enhance/src/logger.cpp...
Reading F:/source/Enhance/README.md...
Reading F:/source/Enhance/License.md...
Building group list...
Building directory list...
Building namespace list...
Building file list...
Building class list...
Computing nesting relations for classes...
Associating documentation with classes...
Building example list...
Searching for enumerations...
Searching for documented typedefs...
Searching for members imported via using declarations...
Searching for included using directives...
Searching for documented variables...
Building interface member list...
Building member list...
Searching for friends...
Searching for documented defines...
Computing class inheritance relations...
Computing class usage relations...
Flushing cached template relations that have become invalid...
Computing class relations...
Add enum values to enums...
Searching for member function documentation...
Creating members for template instances...
Building page list...
Search for main page...
Computing page relations...
Determining the scope of groups...
Sorting lists...
Determining which enums are documented
Computing member relations...
Building full member lists recursively...
Adding members to member groups.
Computing member references...
Inheriting documentation...
Generating disk names...
Adding source references...
Adding xrefitems...
Sorting member lists...
Setting anonymous enum type...
Computing dependencies between directories...
Generating citations page...
Counting members...
Counting data structures...
Resolving user defined references...
Finding anchors and sections in the documentation...
Transferring function references...
Combining using relations...
Adding members to index pages...
Correcting members for VHDL...
Generating style sheet...
Generating search indices...
Generating example documentation...
Generating file sources...
Parsing code for file F:/source/Enhance/License.md...
Parsing code for file F:/source/Enhance/README.md...
Parsing code for file F:/source/Enhance/src/Header/confined.enh.h...
Parsing code for file F:/source/Enhance/src/Header/counter.enh.h...
Parsing code for file F:/source/Enhance/src/Header/date.enh.h...
Parsing code for file F:/source/Enhance/src/Header/date_time.enh.h...
Parsing code for file F:/source/Enhance/src/Header/error_base.enh.h...
Parsing code for file F:/source/Enhance/src/Header/framework.enh.h...
Parsing code for file F:/source/Enhance/src/Header/general.enh.h...
Parsing code for file F:/source/Enhance/src/Header/logger.enh.h...
Parsing code for file F:/source/Enhance/src/Header/numeral_system.enh.h...
Parsing code for file F:/source/Enhance/src/Header/queued_process.enh.h...
Parsing code for file F:/source/Enhance/src/Header/time_stamp.enh.h...
Parsing code for file F:/source/Enhance/src/Header/timer.enh.h...
Parsing code for file F:/source/Enhance/src/logger.cpp...
Generating file documentation...
Generating docs for file F:/source/Enhance/src/Header/confined.enh.h...
Generating docs for file F:/source/Enhance/src/Header/counter.enh.h...
Generating docs for file F:/source/Enhance/src/Header/date.enh.h...
Generating docs for file F:/source/Enhance/src/Header/date_time.enh.h...
Generating docs for file F:/source/Enhance/src/Header/error_base.enh.h...
Generating docs for file F:/source/Enhance/src/Header/framework.enh.h...
Generating docs for file F:/source/Enhance/src/Header/general.enh.h...
Generating docs for file F:/source/Enhance/src/Header/logger.enh.h...
Generating docs for file F:/source/Enhance/src/Header/numeral_system.enh.h...
Generating docs for file F:/source/Enhance/src/Header/queued_process.enh.h...
Generating docs for file F:/source/Enhance/src/Header/time_stamp.enh.h...
Generating docs for file F:/source/Enhance/src/Header/timer.enh.h...
Generating docs for file F:/source/Enhance/src/logger.cpp...
Generating page documentation...
Generating docs for page md_F:_source_Enhance_License...
Generating group documentation...
Generating class documentation...
Generating namespace index...
Generating docs for namespace debug
Generating docs for namespace enh
Generating docs for compound enh::blank_t...
Generating docs for compound enh::confined_base...
Generating docs for compound enh::counter...
Generating docs for compound enh::DateTime...
Generating docs for compound enh::error_base...
Generating docs for compound enh::gen_instruct...
Generating docs for compound enh::NumericSystem...
Generating docs for compound enh::quad_instruct...
Generating docs for compound enh::queued_process...
Generating docs for compound enh::time_stamp...
Generating docs for compound enh::timer...
Generating docs for compound enh::version_info...
Generating docs for namespace enh::dt_type
Generating docs for compound enh::dt_type::day_t...
Generating docs for compound enh::dt_type::yearday_t...
Generating docs for namespace enh::numeric
Generating graph info page...
Generating directory documentation...
Generating index page...
Generating page index...
Generating module index...
Generating namespace index...
Generating namespace member index...
Generating annotated compound index...
Generating alphabetical compound index...
Generating hierarchical class index...
Generating member index...
Generating file index...
Generating file member index...
Generating example index...
finalizing index lists...
writing tag file...
Running plantuml with JAVA...
lookup cache used 535/65536 hits=4248 misses=564
finished...
